<?xml version="1.0" encoding="UTF-8"?>
<testsuite name="TestSumarNumeros" tests="1" skipped="0" failures="0" errors="0" timestamp="2019-10-24T12:04:27" hostname="AR0FVFYQ1B1HV2J" time="0.001">
  <properties/>
  <testcase name="testQueDosNumerosSeSumen" classname="TestSumarNumeros" time="0.001"/>
  <system-out><![CDATA[]]></system-out>
  <system-err><![CDATA[]]></system-err>
</testsuite>
